# JRE version: OpenJDK Runtime Environment Microsoft-12574459 (21.0.9+10) (build 21.0.9+10-LTS)
# Java VM: OpenJDK 64-Bit Server VM Microsoft-12574459 (21.0.9+10-LTS, mixed mode, sharing, tiered, compressed oops, compressed class ptrs, g1 gc, windows-amd64)
GC Precious Log:
 CardTable entry size: 512
 Card Set container configuration: InlinePtr #cards 5 size 8 Array Of Cards #cards 12 size 40 Howl #buckets 4 coarsen threshold 1843 Howl Bitmap #cards 512 size 80 coarsen threshold 460 Card regions per heap region 1 cards per card region 2048
 CPUs: 4 total, 4 available
 Memory: 7835M
 Large Page Support: Disabled
 NUMA Support: Disabled
 Compressed Oops: Enabled (32-bit)
 Heap Region Size: 1M
 Heap Min Capacity: 8M
 Heap Initial Capacity: 124M
 Heap Max Capacity: 1960M
 Pre-touch: Disabled
 Parallel Workers: 4
 Concurrent Workers: 1
 Concurrent Refinement Workers: 4
 Periodic GC: Disabled
Heap:
 garbage-first heap   total 91136K, used 65680K [0x0000000085800000, 0x0000000100000000)
  region size 1024K, 16 young (16384K), 2 survivors (2048K)
 Metaspace       used 90984K, committed 91904K, reserved 1179648K
  class space    used 12098K, committed 12544K, reserved 1048576K
GC Heap History (20 events):
Event: 7.037 GC heap before
{Heap before GC invocations=14 (full 0):
 garbage-first heap   total 55296K, used 35874K [0x0000000085800000, 0x0000000100000000)
  region size 1024K, 11 young (11264K), 3 survivors (3072K)
 Metaspace       used 60215K, committed 60800K, reserved 1114112K
  class space    used 8040K, committed 8320K, reserved 1048576K
}
Event: 7.040 GC heap after
{Heap after GC invocations=15 (full 0):
 garbage-first heap   total 66560K, used 29563K [0x0000000085800000, 0x0000000100000000)
  region size 1024K, 1 young (1024K), 1 survivors (1024K)
 Metaspace       used 60215K, committed 60800K, reserved 1114112K
  class space    used 8040K, committed 8320K, reserved 1048576K
}
Event: 7.708 GC heap before
{Heap before GC invocations=16 (full 0):
 garbage-first heap   total 66560K, used 59259K [0x0000000085800000, 0x0000000100000000)
  region size 1024K, 30 young (30720K), 1 survivors (1024K)
 Metaspace       used 63804K, committed 64448K, reserved 1114112K
  class space    used 8604K, committed 8896K, reserved 1048576K
}
Event: 7.715 GC heap after
{Heap after GC invocations=17 (full 0):
 garbage-first heap   total 66560K, used 32650K [0x0000000085800000, 0x0000000100000000)
  region size 1024K, 4 young (4096K), 4 survivors (4096K)
 Metaspace       used 63804K, committed 64448K, reserved 1114112K
  class space    used 8604K, committed 8896K, reserved 1048576K
}
Event: 2675.029 GC heap before
{Heap before GC invocations=17 (full 0):
 garbage-first heap   total 66560K, used 58250K [0x0000000085800000, 0x0000000100000000)
  region size 1024K, 30 young (30720K), 4 survivors (4096K)
 Metaspace       used 70299K, committed 70976K, reserved 1114112K
  class space    used 9481K, committed 9792K, reserved 1048576K
}
Event: 2675.238 GC heap after
{Heap after GC invocations=18 (full 0):
 garbage-first heap   total 66560K, used 34057K [0x0000000085800000, 0x0000000100000000)
  region size 1024K, 2 young (2048K), 2 survivors (2048K)
 Metaspace       used 70299K, committed 70976K, reserved 1114112K
  class space    used 9481K, committed 9792K, reserved 1048576K
}
Event: 2679.859 GC heap before
{Heap before GC invocations=18 (full 0):
 garbage-first heap   total 66560K, used 40201K [0x0000000085800000, 0x0000000100000000)
  region size 1024K, 10 young (10240K), 2 survivors (2048K)
 Metaspace       used 71818K, committed 72512K, reserved 1114112K
  class space    used 9658K, committed 9984K, reserved 1048576K
}
Event: 2679.877 GC heap after
{Heap after GC invocations=19 (full 0):
 garbage-first heap   total 66560K, used 35559K [0x0000000085800000, 0x0000000100000000)
  region size 1024K, 4 young (4096K), 4 survivors (4096K)
 Metaspace       used 71818K, committed 72512K, reserved 1114112K
  class space    used 9658K, committed 9984K, reserved 1048576K
}
Event: 2682.376 GC heap before
{Heap before GC invocations=20 (full 0):
 garbage-first heap   total 66560K, used 61159K [0x0000000085800000, 0x0000000100000000)
  region size 1024K, 27 young (27648K), 4 survivors (4096K)
 Metaspace       used 75075K, committed 75840K, reserved 1179648K
  class space    used 10024K, committed 10368K, reserved 1048576K
}
Event: 2682.397 GC heap after
{Heap after GC invocations=21 (full 0):
 garbage-first heap   total 71680K, used 40613K [0x0000000085800000, 0x0000000100000000)
  region size 1024K, 4 young (4096K), 4 survivors (4096K)
 Metaspace       used 75075K, committed 75840K, reserved 1179648K
  class space    used 10024K, committed 10368K, reserved 1048576K
}
Event: 2682.619 GC heap before
{Heap before GC invocations=21 (full 0):
 garbage-first heap   total 71680K, used 61093K [0x0000000085800000, 0x0000000100000000)
  region size 1024K, 24 young (24576K), 4 survivors (4096K)
 Metaspace       used 75414K, committed 76160K, reserved 1179648K
  class space    used 10061K, committed 10368K, reserved 1048576K
}
Event: 2682.635 GC heap after
{Heap after GC invocations=22 (full 0):
 garbage-first heap   total 71680K, used 40517K [0x0000000085800000, 0x0000000100000000)
  region size 1024K, 2 young (2048K), 2 survivors (2048K)
 Metaspace       used 75414K, committed 76160K, reserved 1179648K
  class space    used 10061K, committed 10368K, reserved 1048576K
}
Event: 2683.422 GC heap before
{Heap before GC invocations=22 (full 0):
 garbage-first heap   total 71680K, used 62021K [0x0000000085800000, 0x0000000100000000)
  region size 1024K, 23 young (23552K), 2 survivors (2048K)
 Metaspace       used 78647K, committed 79488K, reserved 1179648K
  class space    used 10516K, committed 10880K, reserved 1048576K
}
Event: 2683.432 GC heap after
{Heap after GC invocations=23 (full 0):
 garbage-first heap   total 71680K, used 44855K [0x0000000085800000, 0x0000000100000000)
  region size 1024K, 3 young (3072K), 3 survivors (3072K)
 Metaspace       used 78647K, committed 79488K, reserved 1179648K
  class space    used 10516K, committed 10880K, reserved 1048576K
}
Event: 3228.759 GC heap before
{Heap before GC invocations=24 (full 0):
 garbage-first heap   total 75776K, used 61239K [0x0000000085800000, 0x0000000100000000)
  region size 1024K, 20 young (20480K), 3 survivors (3072K)
 Metaspace       used 81360K, committed 82176K, reserved 1179648K
  class space    used 10833K, committed 11200K, reserved 1048576K
}
Event: 3228.799 GC heap after
{Heap after GC invocations=25 (full 0):
 garbage-first heap   total 75776K, used 47947K [0x0000000085800000, 0x0000000100000000)
  region size 1024K, 3 young (3072K), 3 survivors (3072K)
 Metaspace       used 81360K, committed 82176K, reserved 1179648K
  class space    used 10833K, committed 11200K, reserved 1048576K
}
Event: 3230.576 GC heap before
{Heap before GC invocations=25 (full 0):
 garbage-first heap   total 75776K, used 65355K [0x0000000085800000, 0x0000000100000000)
  region size 1024K, 21 young (21504K), 3 survivors (3072K)
 Metaspace       used 84817K, committed 85568K, reserved 1179648K
  class space    used 11245K, committed 11584K, reserved 1048576K
}
Event: 3230.603 GC heap after
{Heap after GC invocations=26 (full 0):
 garbage-first heap   total 75776K, used 50933K [0x0000000085800000, 0x0000000100000000)
  region size 1024K, 3 young (3072K), 3 survivors (3072K)
 Metaspace       used 84817K, committed 85568K, reserved 1179648K
  class space    used 11245K, committed 11584K, reserved 1048576K
}
Event: 3276.422 GC heap before
{Heap before GC invocations=26 (full 0):
 garbage-first heap   total 75776K, used 67317K [0x0000000085800000, 0x0000000100000000)
  region size 1024K, 19 young (19456K), 3 survivors (3072K)
 Metaspace       used 89616K, committed 90496K, reserved 1179648K
  class space    used 11970K, committed 12352K, reserved 1048576K
}
Event: 3276.454 GC heap after
{Heap after GC invocations=27 (full 0):
 garbage-first heap   total 91136K, used 53392K [0x0000000085800000, 0x0000000100000000)
  region size 1024K, 2 young (2048K), 2 survivors (2048K)
 Metaspace       used 89616K, committed 90496K, reserved 1179648K
  class space    used 11970K, committed 12352K, reserved 1048576K
}

